
--- 2026-07-17T08:16:09.694Z debug
🪵  Writing logs to "C:\DATA\mansatas-app\.wrangler\reset-preview.log"
---

--- 2026-07-17T08:16:09.694Z log

 ⛅️ wrangler 4.79.0 (update available 4.111.0)
──────────────────────────────────────────────
---

--- 2026-07-17T08:16:09.701Z debug
Metrics dispatcher: Posting data {"deviceId":"cd23a0c8-b17d-4873-9e91-bf3128670721","event":"wrangler command started","timestamp":1784276169701,"properties":{"amplitude_session_id":1784276169699,"amplitude_event_id":0,"wranglerVersion":"4.79.0","wranglerMajorVersion":4,"wranglerMinorVersion":79,"wranglerPatchVersion":0,"osPlatform":"Windows","osVersion":"Windows 11 Pro","nodeVersion":24,"packageManager":"npm","isFirstUsage":false,"configFileType":"toml","isCI":false,"isPagesCI":false,"isWorkersCI":false,"isInteractive":false,"hasAssets":true,"agent":null,"argsUsed":[],"argsCombination":"","sanitizedCommand":"whoami","sanitizedArgs":{}}}
---

--- 2026-07-17T08:16:09.712Z log
Getting User settings...
---

--- 2026-07-17T08:16:09.724Z debug
-- START CF API REQUEST: GET https://api.cloudflare.com/client/v4/user
---

--- 2026-07-17T08:16:09.724Z debug
QUERY STRING: omitted; set WRANGLER_LOG_SANITIZE=false to include sanitized data
---

--- 2026-07-17T08:16:09.725Z debug
HEADERS: omitted; set WRANGLER_LOG_SANITIZE=false to include sanitized data
---

--- 2026-07-17T08:16:09.725Z debug
INIT: omitted; set WRANGLER_LOG_SANITIZE=false to include sanitized data
---

--- 2026-07-17T08:16:09.725Z debug
-- END CF API REQUEST
---

--- 2026-07-17T08:16:10.121Z debug
-- START CF API RESPONSE: OK 200
---

--- 2026-07-17T08:16:10.121Z debug
HEADERS: omitted; set WRANGLER_LOG_SANITIZE=false to include sanitized data
---

--- 2026-07-17T08:16:10.121Z debug
RESPONSE: omitted; set WRANGLER_LOG_SANITIZE=false to include sanitized data
---

--- 2026-07-17T08:16:10.121Z debug
-- END CF API RESPONSE
---

--- 2026-07-17T08:16:10.123Z debug
-- START CF API REQUEST: GET https://api.cloudflare.com/client/v4/accounts
---

--- 2026-07-17T08:16:10.123Z debug
QUERY STRING: omitted; set WRANGLER_LOG_SANITIZE=false to include sanitized data
---

--- 2026-07-17T08:16:10.123Z debug
HEADERS: omitted; set WRANGLER_LOG_SANITIZE=false to include sanitized data
---

--- 2026-07-17T08:16:10.123Z debug
INIT: omitted; set WRANGLER_LOG_SANITIZE=false to include sanitized data
---

--- 2026-07-17T08:16:10.123Z debug
-- END CF API REQUEST
---

--- 2026-07-17T08:16:10.477Z debug
-- START CF API RESPONSE: OK 200
---

--- 2026-07-17T08:16:10.477Z debug
HEADERS: omitted; set WRANGLER_LOG_SANITIZE=false to include sanitized data
---

--- 2026-07-17T08:16:10.477Z debug
RESPONSE: omitted; set WRANGLER_LOG_SANITIZE=false to include sanitized data
---

--- 2026-07-17T08:16:10.477Z debug
-- END CF API RESPONSE
---

--- 2026-07-17T08:16:10.478Z log
👋 You are logged in with an OAuth Token, associated with the email i.abdoulwakil@gmail.com.
---

--- 2026-07-17T08:16:10.480Z log
┌───────────────────────────────────┬──────────────────────────────────┐
│ Account Name                      │ Account ID                       │
├───────────────────────────────────┼──────────────────────────────────┤
│ I.abdoulwakil@gmail.com's Account │ a170ed4144c00927988a828aa9a41896 │
├───────────────────────────────────┼──────────────────────────────────┤
│ Markopolo2212@gmail.com's Account │ 89389959c60ad166fb81698c4289aab0 │
└───────────────────────────────────┴──────────────────────────────────┘
---

--- 2026-07-17T08:16:10.480Z log
🔓 Token Permissions:
---

--- 2026-07-17T08:16:10.481Z log
Scope (Access)
---

--- 2026-07-17T08:16:10.481Z log
- account (read)
---

--- 2026-07-17T08:16:10.481Z log
- user (read)
---

--- 2026-07-17T08:16:10.481Z log
- workers (write)
---

--- 2026-07-17T08:16:10.481Z log
- workers_kv (write)
---

--- 2026-07-17T08:16:10.481Z log
- workers_routes (write)
---

--- 2026-07-17T08:16:10.481Z log
- workers_scripts (write)
---

--- 2026-07-17T08:16:10.481Z log
- workers_tail (read)
---

--- 2026-07-17T08:16:10.481Z log
- d1 (write)
---

--- 2026-07-17T08:16:10.481Z log
- pages (write)
---

--- 2026-07-17T08:16:10.481Z log
- zone (read)
---

--- 2026-07-17T08:16:10.481Z log
- ssl_certs (write)
---

--- 2026-07-17T08:16:10.481Z log
- ai (write)
---

--- 2026-07-17T08:16:10.481Z log
- ai-search (write)
---

--- 2026-07-17T08:16:10.481Z log
- ai-search (run)
---

--- 2026-07-17T08:16:10.481Z log
- queues (write)
---

--- 2026-07-17T08:16:10.481Z log
- pipelines (write)
---

--- 2026-07-17T08:16:10.481Z log
- secrets_store (write)
---

--- 2026-07-17T08:16:10.481Z log
- containers (write)
---

--- 2026-07-17T08:16:10.481Z log
- cloudchamber (write)
---

--- 2026-07-17T08:16:10.481Z log
- connectivity (admin)
---

--- 2026-07-17T08:16:10.481Z log
- offline_access 
---

--- 2026-07-17T08:16:10.482Z debug
Metrics dispatcher: Posting data {"deviceId":"cd23a0c8-b17d-4873-9e91-bf3128670721","event":"view accounts","timestamp":1784276170482,"properties":{"amplitude_session_id":1784276170481,"amplitude_event_id":0,"wranglerVersion":"4.79.0","wranglerMajorVersion":4,"wranglerMinorVersion":79,"wranglerPatchVersion":0,"osPlatform":"Windows","osVersion":"Windows 11 Pro","nodeVersion":24,"packageManager":"npm","isFirstUsage":false,"configFileType":"none","isCI":false,"isPagesCI":false,"isWorkersCI":false,"isInteractive":false,"hasAssets":false,"agent":null,"category":"Workers","os":"win32:x64"}}
---

--- 2026-07-17T08:16:10.484Z debug
Metrics dispatcher: Posting data {"deviceId":"cd23a0c8-b17d-4873-9e91-bf3128670721","event":"wrangler command completed","timestamp":1784276170483,"properties":{"amplitude_session_id":1784276169699,"amplitude_event_id":1,"wranglerVersion":"4.79.0","wranglerMajorVersion":4,"wranglerMinorVersion":79,"wranglerPatchVersion":0,"osPlatform":"Windows","osVersion":"Windows 11 Pro","nodeVersion":24,"packageManager":"npm","isFirstUsage":false,"configFileType":"toml","isCI":false,"isPagesCI":false,"isWorkersCI":false,"isInteractive":false,"hasAssets":true,"agent":null,"argsUsed":[],"argsCombination":"","sanitizedCommand":"whoami","sanitizedArgs":{},"durationMs":794}}
---

--- 2026-07-17T08:16:11.960Z debug
🪵  Writing logs to "C:\DATA\mansatas-app\.wrangler\reset-preview.log"
---

--- 2026-07-17T08:16:11.960Z log

 ⛅️ wrangler 4.79.0 (update available 4.111.0)
──────────────────────────────────────────────
---

--- 2026-07-17T08:16:11.961Z log
Resource location: remote 

---

--- 2026-07-17T08:16:11.966Z debug
Metrics dispatcher: Posting data {"deviceId":"cd23a0c8-b17d-4873-9e91-bf3128670721","event":"wrangler command started","timestamp":1784276171966,"properties":{"amplitude_session_id":1784276171964,"amplitude_event_id":0,"wranglerVersion":"4.79.0","wranglerMajorVersion":4,"wranglerMinorVersion":79,"wranglerPatchVersion":0,"osPlatform":"Windows","osVersion":"Windows 11 Pro","nodeVersion":24,"packageManager":"npm","isFirstUsage":false,"configFileType":"toml","isCI":false,"isPagesCI":false,"isWorkersCI":false,"isInteractive":false,"hasAssets":true,"agent":null,"argsUsed":["command","remote"],"argsCombination":"command, remote","sanitizedCommand":"d1 execute","sanitizedArgs":{}}}
---

--- 2026-07-17T08:16:11.987Z log
🌀 Executing on remote database mansatas-db (76b7b346-3f3f-4c1e-a347-2d51497bad97):
---

--- 2026-07-17T08:16:11.987Z log
🌀 To execute on your local development database, remove the --remote flag from your wrangler command.
---

--- 2026-07-17T08:16:11.987Z debug
-- START CF API REQUEST: POST https://api.cloudflare.com/client/v4/accounts/89389959c60ad166fb81698c4289aab0/d1/database/76b7b346-3f3f-4c1e-a347-2d51497bad97/query
---

--- 2026-07-17T08:16:11.987Z debug
QUERY STRING: omitted; set WRANGLER_LOG_SANITIZE=false to include sanitized data
---

--- 2026-07-17T08:16:11.987Z debug
HEADERS: omitted; set WRANGLER_LOG_SANITIZE=false to include sanitized data
---

--- 2026-07-17T08:16:11.987Z debug
INIT: omitted; set WRANGLER_LOG_SANITIZE=false to include sanitized data
---

--- 2026-07-17T08:16:11.987Z debug
-- END CF API REQUEST
---

--- 2026-07-17T08:16:13.019Z debug
-- START CF API RESPONSE: OK 200
---

--- 2026-07-17T08:16:13.020Z debug
HEADERS: omitted; set WRANGLER_LOG_SANITIZE=false to include sanitized data
---

--- 2026-07-17T08:16:13.020Z debug
RESPONSE: omitted; set WRANGLER_LOG_SANITIZE=false to include sanitized data
---

--- 2026-07-17T08:16:13.020Z debug
-- END CF API RESPONSE
---

--- 2026-07-17T08:16:13.021Z log
🚣 Executed 1 command in 0.99ms
---

--- 2026-07-17T08:16:13.023Z log
[
  {
    "results": [
      {
        "name": "absensi_sesi_guru"
      },
      {
        "name": "absensi_siswa"
      },
      {
        "name": "agenda_guru"
      },
      {
        "name": "delegasi_tugas"
      },
      {
        "name": "delegasi_tugas_kelas"
      },
      {
        "name": "jurnal_guru_harian"
      },
      {
        "name": "keterangan_absensi_wali_kelas"
      },
      {
        "name": "nilai_harian_detail"
      },
      {
        "name": "nilai_harian_header"
      },
      {
        "name": "nilai_harian_kkm"
      },
      {
        "name": "rekap_kehadiran_bulanan"
      }
    ],
    "success": true,
    "meta": {
      "served_by": "v3-prod",
      "served_by_region": "APAC",
      "served_by_colo": "SIN",
      "served_by_primary": true,
      "timings": {
        "sql_duration_ms": 0.9936
      },
      "duration": 0.9936,
      "changes": 0,
      "last_row_id": 0,
      "changed_db": false,
      "size_after": 27959296,
      "rows_read": 490,
      "rows_written": 0,
      "total_attempts": 1
    }
  }
]
---

--- 2026-07-17T08:16:13.026Z debug
Metrics dispatcher: Posting data {"deviceId":"cd23a0c8-b17d-4873-9e91-bf3128670721","event":"wrangler command completed","timestamp":1784276173026,"properties":{"amplitude_session_id":1784276171964,"amplitude_event_id":1,"wranglerVersion":"4.79.0","wranglerMajorVersion":4,"wranglerMinorVersion":79,"wranglerPatchVersion":0,"osPlatform":"Windows","osVersion":"Windows 11 Pro","nodeVersion":24,"packageManager":"npm","isFirstUsage":false,"configFileType":"toml","isCI":false,"isPagesCI":false,"isWorkersCI":false,"isInteractive":false,"hasAssets":true,"agent":null,"argsUsed":["command","remote"],"argsCombination":"command, remote","sanitizedCommand":"d1 execute","sanitizedArgs":{},"durationMs":1069}}
---

--- 2026-07-17T08:17:09.394Z debug
🪵  Writing logs to "C:\DATA\mansatas-app\.wrangler\reset-preview.log"
---

--- 2026-07-17T08:17:09.394Z log

 ⛅️ wrangler 4.79.0 (update available 4.111.0)
──────────────────────────────────────────────
---

--- 2026-07-17T08:17:09.395Z log
Resource location: remote 

---

--- 2026-07-17T08:17:09.401Z debug
Metrics dispatcher: Posting data {"deviceId":"cd23a0c8-b17d-4873-9e91-bf3128670721","event":"wrangler command started","timestamp":1784276229401,"properties":{"amplitude_session_id":1784276229399,"amplitude_event_id":0,"wranglerVersion":"4.79.0","wranglerMajorVersion":4,"wranglerMinorVersion":79,"wranglerPatchVersion":0,"osPlatform":"Windows","osVersion":"Windows 11 Pro","nodeVersion":24,"packageManager":"npm","isFirstUsage":false,"configFileType":"toml","isCI":false,"isPagesCI":false,"isWorkersCI":false,"isInteractive":false,"hasAssets":true,"agent":null,"argsUsed":["file","remote"],"argsCombination":"file, remote","sanitizedCommand":"d1 execute","sanitizedArgs":{}}}
---

--- 2026-07-17T08:17:09.466Z warn
▲ [WARNING] ⚠️ This process may take some time, during which your D1 database will be unavailable to serve queries.


---

--- 2026-07-17T08:17:09.467Z log
🌀 Executing on remote database mansatas-db (76b7b346-3f3f-4c1e-a347-2d51497bad97):
---

--- 2026-07-17T08:17:09.467Z log
🌀 To execute on your local development database, remove the --remote flag from your wrangler command.
---

--- 2026-07-17T08:17:09.473Z log
Note: if the execution fails to complete, your DB will return to its original state and you can safely retry.
---

--- 2026-07-17T08:17:09.474Z debug
-- START CF API REQUEST: POST https://api.cloudflare.com/client/v4/accounts/89389959c60ad166fb81698c4289aab0/d1/database/76b7b346-3f3f-4c1e-a347-2d51497bad97/import
---

--- 2026-07-17T08:17:09.474Z debug
QUERY STRING: omitted; set WRANGLER_LOG_SANITIZE=false to include sanitized data
---

--- 2026-07-17T08:17:09.474Z debug
HEADERS: omitted; set WRANGLER_LOG_SANITIZE=false to include sanitized data
---

--- 2026-07-17T08:17:09.474Z debug
INIT: omitted; set WRANGLER_LOG_SANITIZE=false to include sanitized data
---

--- 2026-07-17T08:17:09.474Z debug
-- END CF API REQUEST
---

--- 2026-07-17T08:17:10.149Z debug
-- START CF API RESPONSE: OK 200
---

--- 2026-07-17T08:17:10.149Z debug
HEADERS: omitted; set WRANGLER_LOG_SANITIZE=false to include sanitized data
---

--- 2026-07-17T08:17:10.149Z debug
RESPONSE: omitted; set WRANGLER_LOG_SANITIZE=false to include sanitized data
---

--- 2026-07-17T08:17:10.149Z debug
-- END CF API RESPONSE
---

--- 2026-07-17T08:17:12.224Z debug
-- START CF API REQUEST: POST https://api.cloudflare.com/client/v4/accounts/89389959c60ad166fb81698c4289aab0/d1/database/76b7b346-3f3f-4c1e-a347-2d51497bad97/import
---

--- 2026-07-17T08:17:12.224Z debug
QUERY STRING: omitted; set WRANGLER_LOG_SANITIZE=false to include sanitized data
---

--- 2026-07-17T08:17:12.224Z debug
HEADERS: omitted; set WRANGLER_LOG_SANITIZE=false to include sanitized data
---

--- 2026-07-17T08:17:12.224Z debug
INIT: omitted; set WRANGLER_LOG_SANITIZE=false to include sanitized data
---

--- 2026-07-17T08:17:12.224Z debug
-- END CF API REQUEST
---

--- 2026-07-17T08:17:13.266Z debug
-- START CF API RESPONSE: OK 200
---

--- 2026-07-17T08:17:13.266Z debug
HEADERS: omitted; set WRANGLER_LOG_SANITIZE=false to include sanitized data
---

--- 2026-07-17T08:17:13.266Z debug
RESPONSE: omitted; set WRANGLER_LOG_SANITIZE=false to include sanitized data
---

--- 2026-07-17T08:17:13.266Z debug
-- END CF API RESPONSE
---

--- 2026-07-17T08:17:13.268Z debug
Metrics dispatcher: Posting data {"deviceId":"cd23a0c8-b17d-4873-9e91-bf3128670721","event":"wrangler command errored","timestamp":1784276233268,"properties":{"amplitude_session_id":1784276229399,"amplitude_event_id":1,"wranglerVersion":"4.79.0","wranglerMajorVersion":4,"wranglerMinorVersion":79,"wranglerPatchVersion":0,"osPlatform":"Windows","osVersion":"Windows 11 Pro","nodeVersion":24,"packageManager":"npm","isFirstUsage":false,"configFileType":"toml","isCI":false,"isPagesCI":false,"isWorkersCI":false,"isInteractive":false,"hasAssets":true,"agent":null,"argsUsed":["file","remote"],"argsCombination":"file, remote","sanitizedCommand":"d1 execute","sanitizedArgs":{},"durationMs":3877,"errorType":"UserError"}}
---

--- 2026-07-17T08:17:13.268Z log

---

--- 2026-07-17T08:17:13.269Z error
X [ERROR] too many terms in compound SELECT: SQLITE_ERROR


---

--- 2026-07-17T08:17:13.281Z debug
Error: too many terms in compound SELECT: SQLITE_ERROR
    at pollUntilComplete (C:\DATA\mansatas-app\node_modules\wrangler\wrangler-dist\cli.js:181681:11)
    at executeRemotely (C:\DATA\mansatas-app\node_modules\wrangler\wrangler-dist\cli.js:181593:33)
    at process.processTicksAndRejections (node:internal/process/task_queues:103:5)
    at async executeSql (C:\DATA\mansatas-app\node_modules\wrangler\wrangler-dist\cli.js:181445:38)
    at async Object.handler (C:\DATA\mansatas-app\node_modules\wrangler\wrangler-dist\cli.js:181859:28)
    at async C:\DATA\mansatas-app\node_modules\wrangler\wrangler-dist\cli.js:180699:26
    at async Object.handler (C:\DATA\mansatas-app\node_modules\wrangler\wrangler-dist\cli.js:180648:7)
---

--- 2026-07-17T08:17:48.721Z debug
🪵  Writing logs to "C:\DATA\mansatas-app\.wrangler\reset-preview.log"
---

--- 2026-07-17T08:17:48.721Z log

 ⛅️ wrangler 4.79.0 (update available 4.111.0)
──────────────────────────────────────────────
---

--- 2026-07-17T08:17:48.722Z log
Resource location: remote 

---

--- 2026-07-17T08:17:48.728Z debug
Metrics dispatcher: Posting data {"deviceId":"cd23a0c8-b17d-4873-9e91-bf3128670721","event":"wrangler command started","timestamp":1784276268728,"properties":{"amplitude_session_id":1784276268726,"amplitude_event_id":0,"wranglerVersion":"4.79.0","wranglerMajorVersion":4,"wranglerMinorVersion":79,"wranglerPatchVersion":0,"osPlatform":"Windows","osVersion":"Windows 11 Pro","nodeVersion":24,"packageManager":"npm","isFirstUsage":false,"configFileType":"toml","isCI":false,"isPagesCI":false,"isWorkersCI":false,"isInteractive":false,"hasAssets":true,"agent":null,"argsUsed":["file","remote"],"argsCombination":"file, remote","sanitizedCommand":"d1 execute","sanitizedArgs":{}}}
---

--- 2026-07-17T08:17:48.793Z warn
▲ [WARNING] ⚠️ This process may take some time, during which your D1 database will be unavailable to serve queries.


---

--- 2026-07-17T08:17:48.793Z log
🌀 Executing on remote database mansatas-db (76b7b346-3f3f-4c1e-a347-2d51497bad97):
---

--- 2026-07-17T08:17:48.793Z log
🌀 To execute on your local development database, remove the --remote flag from your wrangler command.
---

--- 2026-07-17T08:17:48.796Z log
Note: if the execution fails to complete, your DB will return to its original state and you can safely retry.
---

--- 2026-07-17T08:17:48.797Z debug
-- START CF API REQUEST: POST https://api.cloudflare.com/client/v4/accounts/89389959c60ad166fb81698c4289aab0/d1/database/76b7b346-3f3f-4c1e-a347-2d51497bad97/import
---

--- 2026-07-17T08:17:48.797Z debug
QUERY STRING: omitted; set WRANGLER_LOG_SANITIZE=false to include sanitized data
---

--- 2026-07-17T08:17:48.797Z debug
HEADERS: omitted; set WRANGLER_LOG_SANITIZE=false to include sanitized data
---

--- 2026-07-17T08:17:48.797Z debug
INIT: omitted; set WRANGLER_LOG_SANITIZE=false to include sanitized data
---

--- 2026-07-17T08:17:48.797Z debug
-- END CF API REQUEST
---

--- 2026-07-17T08:17:51.533Z debug
-- START CF API RESPONSE: OK 200
---

--- 2026-07-17T08:17:51.533Z debug
HEADERS: omitted; set WRANGLER_LOG_SANITIZE=false to include sanitized data
---

--- 2026-07-17T08:17:51.533Z debug
RESPONSE: omitted; set WRANGLER_LOG_SANITIZE=false to include sanitized data
---

--- 2026-07-17T08:17:51.533Z debug
-- END CF API RESPONSE
---

--- 2026-07-17T08:17:53.194Z debug
-- START CF API REQUEST: POST https://api.cloudflare.com/client/v4/accounts/89389959c60ad166fb81698c4289aab0/d1/database/76b7b346-3f3f-4c1e-a347-2d51497bad97/import
---

--- 2026-07-17T08:17:53.195Z debug
QUERY STRING: omitted; set WRANGLER_LOG_SANITIZE=false to include sanitized data
---

--- 2026-07-17T08:17:53.195Z debug
HEADERS: omitted; set WRANGLER_LOG_SANITIZE=false to include sanitized data
---

--- 2026-07-17T08:17:53.195Z debug
INIT: omitted; set WRANGLER_LOG_SANITIZE=false to include sanitized data
---

--- 2026-07-17T08:17:53.195Z debug
-- END CF API REQUEST
---

--- 2026-07-17T08:17:54.083Z debug
-- START CF API RESPONSE: OK 200
---

--- 2026-07-17T08:17:54.083Z debug
HEADERS: omitted; set WRANGLER_LOG_SANITIZE=false to include sanitized data
---

--- 2026-07-17T08:17:54.083Z debug
RESPONSE: omitted; set WRANGLER_LOG_SANITIZE=false to include sanitized data
---

--- 2026-07-17T08:17:54.083Z debug
-- END CF API RESPONSE
---

--- 2026-07-17T08:17:54.084Z log
🌀 Starting import...
---

--- 2026-07-17T08:17:54.084Z log
🌀 Processed 1 queries.
---

--- 2026-07-17T08:17:54.084Z log
🚣 Executed 1 queries in 7.98ms (1100 rows read, 0 rows written)
   Database is currently at bookmark 0000216a-00000004-000050ab-7e2fef37a5968f50150e9671c3ac2d31.
---

--- 2026-07-17T08:17:54.085Z log
[
  {
    "results": [
      {
        "Total queries executed": 1,
        "Rows read": 1100,
        "Rows written": 0,
        "Database size (MB)": "27.96"
      }
    ],
    "success": true,
    "finalBookmark": "0000216a-00000004-000050ab-7e2fef37a5968f50150e9671c3ac2d31",
    "meta": {
      "served_by": "v3-prod",
      "served_by_region": "APAC",
      "served_by_colo": "SIN",
      "served_by_primary": true,
      "timings": {
        "sql_duration_ms": 7.9768
      },
      "duration": 7.9768,
      "changes": 1,
      "last_row_id": 0,
      "changed_db": true,
      "size_after": 27959296,
      "rows_read": 1100,
      "rows_written": 0,
      "num_tables": 129,
      "total_attempts": 1
    }
  }
]
---

--- 2026-07-17T08:17:54.087Z debug
Metrics dispatcher: Posting data {"deviceId":"cd23a0c8-b17d-4873-9e91-bf3128670721","event":"wrangler command completed","timestamp":1784276274087,"properties":{"amplitude_session_id":1784276268726,"amplitude_event_id":1,"wranglerVersion":"4.79.0","wranglerMajorVersion":4,"wranglerMinorVersion":79,"wranglerPatchVersion":0,"osPlatform":"Windows","osVersion":"Windows 11 Pro","nodeVersion":24,"packageManager":"npm","isFirstUsage":false,"configFileType":"toml","isCI":false,"isPagesCI":false,"isWorkersCI":false,"isInteractive":false,"hasAssets":true,"agent":null,"argsUsed":["file","remote"],"argsCombination":"file, remote","sanitizedCommand":"d1 execute","sanitizedArgs":{},"durationMs":5369}}
---

--- 2026-07-17T08:18:18.591Z debug
🪵  Writing logs to "C:\DATA\mansatas-app\.wrangler\reset-preview.log"
---

--- 2026-07-17T08:18:18.591Z log

 ⛅️ wrangler 4.79.0 (update available 4.111.0)
──────────────────────────────────────────────
---

--- 2026-07-17T08:18:18.592Z log
Resource location: remote 

---

--- 2026-07-17T08:18:18.598Z debug
Metrics dispatcher: Posting data {"deviceId":"cd23a0c8-b17d-4873-9e91-bf3128670721","event":"wrangler command started","timestamp":1784276298598,"properties":{"amplitude_session_id":1784276298595,"amplitude_event_id":0,"wranglerVersion":"4.79.0","wranglerMajorVersion":4,"wranglerMinorVersion":79,"wranglerPatchVersion":0,"osPlatform":"Windows","osVersion":"Windows 11 Pro","nodeVersion":24,"packageManager":"npm","isFirstUsage":false,"configFileType":"toml","isCI":false,"isPagesCI":false,"isWorkersCI":false,"isInteractive":false,"hasAssets":true,"agent":null,"argsUsed":["command","remote"],"argsCombination":"command, remote","sanitizedCommand":"d1 execute","sanitizedArgs":{}}}
---

--- 2026-07-17T08:18:18.619Z log
🌀 Executing on remote database mansatas-db (76b7b346-3f3f-4c1e-a347-2d51497bad97):
---

--- 2026-07-17T08:18:18.619Z log
🌀 To execute on your local development database, remove the --remote flag from your wrangler command.
---

--- 2026-07-17T08:18:18.620Z debug
-- START CF API REQUEST: POST https://api.cloudflare.com/client/v4/accounts/89389959c60ad166fb81698c4289aab0/d1/database/76b7b346-3f3f-4c1e-a347-2d51497bad97/query
---

--- 2026-07-17T08:18:18.620Z debug
QUERY STRING: omitted; set WRANGLER_LOG_SANITIZE=false to include sanitized data
---

--- 2026-07-17T08:18:18.620Z debug
HEADERS: omitted; set WRANGLER_LOG_SANITIZE=false to include sanitized data
---

--- 2026-07-17T08:18:18.620Z debug
INIT: omitted; set WRANGLER_LOG_SANITIZE=false to include sanitized data
---

--- 2026-07-17T08:18:18.620Z debug
-- END CF API REQUEST
---

--- 2026-07-17T08:18:19.239Z debug
-- START CF API RESPONSE: OK 200
---

--- 2026-07-17T08:18:19.239Z debug
HEADERS: omitted; set WRANGLER_LOG_SANITIZE=false to include sanitized data
---

--- 2026-07-17T08:18:19.239Z debug
RESPONSE: omitted; set WRANGLER_LOG_SANITIZE=false to include sanitized data
---

--- 2026-07-17T08:18:19.239Z debug
-- END CF API RESPONSE
---

--- 2026-07-17T08:18:19.240Z log
🚣 Executed 1 command in 1.42ms
---

--- 2026-07-17T08:18:19.240Z log
[
  {
    "results": [
      {
        "agenda_guru": 6,
        "jurnal_guru_harian": 0,
        "absensi_siswa": 0,
        "absensi_sesi_guru": 3,
        "keterangan_absensi": 3,
        "rekap_bulanan": 0,
        "delegasi_kelas": 3,
        "delegasi_tugas": 1,
        "nilai_detail": 0,
        "nilai_header": 0,
        "nilai_kkm": 0
      }
    ],
    "success": true,
    "meta": {
      "served_by": "v3-prod",
      "served_by_region": "APAC",
      "served_by_colo": "SIN",
      "served_by_primary": true,
      "timings": {
        "sql_duration_ms": 1.4204
      },
      "duration": 1.4204,
      "changes": 0,
      "last_row_id": 0,
      "changed_db": false,
      "size_after": 27959296,
      "rows_read": 1100,
      "rows_written": 0,
      "total_attempts": 1
    }
  }
]
---

--- 2026-07-17T08:18:19.242Z debug
Metrics dispatcher: Posting data {"deviceId":"cd23a0c8-b17d-4873-9e91-bf3128670721","event":"wrangler command completed","timestamp":1784276299242,"properties":{"amplitude_session_id":1784276298595,"amplitude_event_id":1,"wranglerVersion":"4.79.0","wranglerMajorVersion":4,"wranglerMinorVersion":79,"wranglerPatchVersion":0,"osPlatform":"Windows","osVersion":"Windows 11 Pro","nodeVersion":24,"packageManager":"npm","isFirstUsage":false,"configFileType":"toml","isCI":false,"isPagesCI":false,"isWorkersCI":false,"isInteractive":false,"hasAssets":true,"agent":null,"argsUsed":["command","remote"],"argsCombination":"command, remote","sanitizedCommand":"d1 execute","sanitizedArgs":{},"durationMs":654}}
---
