
--- 2026-07-17T08:30:13.368Z debug
🪵  Writing logs to "C:\DATA\mansatas-app\.wrangler\reset-execute.log"
---

--- 2026-07-17T08:30:13.368Z log

 ⛅️ wrangler 4.79.0 (update available 4.111.0)
──────────────────────────────────────────────
---

--- 2026-07-17T08:30:13.369Z log
Resource location: remote 

---

--- 2026-07-17T08:30:13.377Z debug
Metrics dispatcher: Posting data {"deviceId":"cd23a0c8-b17d-4873-9e91-bf3128670721","event":"wrangler command started","timestamp":1784277013377,"properties":{"amplitude_session_id":1784277013374,"amplitude_event_id":0,"wranglerVersion":"4.79.0","wranglerMajorVersion":4,"wranglerMinorVersion":79,"wranglerPatchVersion":0,"osPlatform":"Windows","osVersion":"Windows 11 Pro","nodeVersion":24,"packageManager":"npm","isFirstUsage":false,"configFileType":"toml","isCI":false,"isPagesCI":false,"isWorkersCI":false,"isInteractive":false,"hasAssets":true,"agent":null,"argsUsed":["file","remote"],"argsCombination":"file, remote","sanitizedCommand":"d1 execute","sanitizedArgs":{}}}
---

--- 2026-07-17T08:30:13.491Z warn
▲ [WARNING] ⚠️ This process may take some time, during which your D1 database will be unavailable to serve queries.


---

--- 2026-07-17T08:30:13.491Z log
🌀 Executing on remote database mansatas-db (76b7b346-3f3f-4c1e-a347-2d51497bad97):
---

--- 2026-07-17T08:30:13.492Z log
🌀 To execute on your local development database, remove the --remote flag from your wrangler command.
---

--- 2026-07-17T08:30:13.497Z log
Note: if the execution fails to complete, your DB will return to its original state and you can safely retry.
---

--- 2026-07-17T08:30:13.498Z debug
-- START CF API REQUEST: POST https://api.cloudflare.com/client/v4/accounts/89389959c60ad166fb81698c4289aab0/d1/database/76b7b346-3f3f-4c1e-a347-2d51497bad97/import
---

--- 2026-07-17T08:30:13.498Z debug
QUERY STRING: omitted; set WRANGLER_LOG_SANITIZE=false to include sanitized data
---

--- 2026-07-17T08:30:13.498Z debug
HEADERS: omitted; set WRANGLER_LOG_SANITIZE=false to include sanitized data
---

--- 2026-07-17T08:30:13.498Z debug
INIT: omitted; set WRANGLER_LOG_SANITIZE=false to include sanitized data
---

--- 2026-07-17T08:30:13.498Z debug
-- END CF API REQUEST
---

--- 2026-07-17T08:30:14.946Z debug
-- START CF API RESPONSE: OK 200
---

--- 2026-07-17T08:30:14.946Z debug
HEADERS: omitted; set WRANGLER_LOG_SANITIZE=false to include sanitized data
---

--- 2026-07-17T08:30:14.946Z debug
RESPONSE: omitted; set WRANGLER_LOG_SANITIZE=false to include sanitized data
---

--- 2026-07-17T08:30:14.946Z debug
-- END CF API RESPONSE
---

--- 2026-07-17T08:30:16.962Z debug
-- START CF API REQUEST: POST https://api.cloudflare.com/client/v4/accounts/89389959c60ad166fb81698c4289aab0/d1/database/76b7b346-3f3f-4c1e-a347-2d51497bad97/import
---

--- 2026-07-17T08:30:16.962Z debug
QUERY STRING: omitted; set WRANGLER_LOG_SANITIZE=false to include sanitized data
---

--- 2026-07-17T08:30:16.962Z debug
HEADERS: omitted; set WRANGLER_LOG_SANITIZE=false to include sanitized data
---

--- 2026-07-17T08:30:16.962Z debug
INIT: omitted; set WRANGLER_LOG_SANITIZE=false to include sanitized data
---

--- 2026-07-17T08:30:16.962Z debug
-- END CF API REQUEST
---

--- 2026-07-17T08:30:17.942Z debug
-- START CF API RESPONSE: OK 200
---

--- 2026-07-17T08:30:17.942Z debug
HEADERS: omitted; set WRANGLER_LOG_SANITIZE=false to include sanitized data
---

--- 2026-07-17T08:30:17.942Z debug
RESPONSE: omitted; set WRANGLER_LOG_SANITIZE=false to include sanitized data
---

--- 2026-07-17T08:30:17.942Z debug
-- END CF API RESPONSE
---

--- 2026-07-17T08:30:17.943Z log
🌀 Starting import...
---

--- 2026-07-17T08:30:17.943Z log
🌀 Processed 11 queries.
---

--- 2026-07-17T08:30:17.943Z log
🚣 Executed 11 queries in 22.13ms (1116 rows read, 16 rows written)
   Database is currently at bookmark 0000216d-0000000c-000050ab-4388ce84b2abe58a37d478d58c37b34c.
---

--- 2026-07-17T08:30:17.944Z log
[
  {
    "results": [
      {
        "Total queries executed": 11,
        "Rows read": 1116,
        "Rows written": 16,
        "Database size (MB)": "27.96"
      }
    ],
    "success": true,
    "finalBookmark": "0000216d-0000000c-000050ab-4388ce84b2abe58a37d478d58c37b34c",
    "meta": {
      "served_by": "v3-prod",
      "served_by_region": "APAC",
      "served_by_colo": "SIN",
      "served_by_primary": true,
      "timings": {
        "sql_duration_ms": 22.1317
      },
      "duration": 22.1317,
      "changes": 17,
      "last_row_id": 0,
      "changed_db": true,
      "size_after": 27955200,
      "rows_read": 1116,
      "rows_written": 16,
      "num_tables": 129,
      "total_attempts": 1
    }
  }
]
---

--- 2026-07-17T08:30:17.946Z debug
Metrics dispatcher: Posting data {"deviceId":"cd23a0c8-b17d-4873-9e91-bf3128670721","event":"wrangler command completed","timestamp":1784277017946,"properties":{"amplitude_session_id":1784277013374,"amplitude_event_id":1,"wranglerVersion":"4.79.0","wranglerMajorVersion":4,"wranglerMinorVersion":79,"wranglerPatchVersion":0,"osPlatform":"Windows","osVersion":"Windows 11 Pro","nodeVersion":24,"packageManager":"npm","isFirstUsage":false,"configFileType":"toml","isCI":false,"isPagesCI":false,"isWorkersCI":false,"isInteractive":false,"hasAssets":true,"agent":null,"argsUsed":["file","remote"],"argsCombination":"file, remote","sanitizedCommand":"d1 execute","sanitizedArgs":{},"durationMs":4582}}
---
